<?xml version="1.0" encoding="UTF-8"?>
<testng-results skipped="0" failed="0" total="1" passed="1">
  <reporter-output>
  </reporter-output>
  <suite name="Default suite" duration-ms="57151" started-at="2020-01-19T07:33:39Z" finished-at="2020-01-19T07:34:36Z">
    <groups>
    </groups>
    <test name="Default test" duration-ms="57151" started-at="2020-01-19T07:33:39Z" finished-at="2020-01-19T07:34:36Z">
      <class name="test_scripts.Test_Login">
        <test-method status="PASS" signature="OpenApp()[pri:0, instance:test_scripts.Test_Login@13805618]" name="OpenApp" is-config="true" duration-ms="12833" started-at="2020-01-19T13:03:39Z" finished-at="2020-01-19T13:03:52Z">
          <reporter-output>
          </reporter-output>
        </test-method> <!-- OpenApp -->
        <test-method status="PASS" signature="TestLogin()[pri:0, instance:test_scripts.Test_Login@13805618]" name="TestLogin" duration-ms="37379" started-at="2020-01-19T13:03:52Z" finished-at="2020-01-19T13:04:29Z">
          <reporter-output>
          </reporter-output>
        </test-method> <!-- TestLogin -->
        <test-method status="PASS" signature="CloseApp(org.testng.ITestResult)[pri:0, instance:test_scripts.Test_Login@13805618]" name="CloseApp" is-config="true" duration-ms="6908" started-at="2020-01-19T13:04:29Z" finished-at="2020-01-19T13:04:36Z">
          <params>
            <param index="0">
              <value>
                <![CDATA[[TestResult name=TestLogin status=SUCCESS method=Test_Login.TestLogin()[pri:0, instance:test_scripts.Test_Login@13805618] output={null}]]]>
              </value>
            </param>
          </params>
          <reporter-output>
          </reporter-output>
        </test-method> <!-- CloseApp -->
      </class> <!-- test_scripts.Test_Login -->
    </test> <!-- Default test -->
  </suite> <!-- Default suite -->
</testng-results>
